2026-05-29 17:36:22,815 - INFO - Alustan andmete tőmbamist...
2026-05-29 17:36:22,815 - INFO - Andmed edukalt laetud ja ühendatud.
2026-05-29 17:37:10,177 - INFO - Ühendus Supabase'iga loodud.
2026-05-29 17:37:10,177 - INFO - Andmete laadimine...
2026-05-29 17:37:11,196 - INFO - HTTP Request: GET https://cwgauehigbgiowmvgwcx.supabase.co/rest/v1/sales?select=%2A "HTTP/2 200 OK"
2026-05-29 17:37:11,324 - INFO - HTTP Request: GET https://cwgauehigbgiowmvgwcx.supabase.co/rest/v1/products?select=product_id%2Ccost_price%2Cproduct_name "HTTP/2 200 OK"
2026-05-29 17:37:11,329 - INFO - Andmete ühendamine ja arvutused...
2026-05-29 17:37:11,346 - INFO - Pipeline edukalt lőpetatud! Fail salvestatud: data/urbanstyle_final_data.csv
2026-05-29 17:39:05,289 - INFO - Connection to Supabase established.
2026-05-29 17:39:05,289 - INFO - Fetching data from tables...
2026-05-29 17:39:06,029 - INFO - HTTP Request: GET https://cwgauehigbgiowmvgwcx.supabase.co/rest/v1/sales?select=%2A "HTTP/2 200 OK"
2026-05-29 17:39:06,177 - INFO - HTTP Request: GET https://cwgauehigbgiowmvgwcx.supabase.co/rest/v1/products?select=product_id%2Ccost_price%2Cproduct_name "HTTP/2 200 OK"
2026-05-29 17:39:06,181 - INFO - Merging data and calculating metrics...
2026-05-29 17:39:06,199 - INFO - Pipeline completed successfully! File saved at: data/urbanstyle_final_data.csv
2026-05-29 17:40:03,217 - INFO - Connection to Supabase established.
2026-05-29 17:40:03,217 - INFO - Fetching data from tables...
2026-05-29 17:40:03,746 - INFO - HTTP Request: GET https://cwgauehigbgiowmvgwcx.supabase.co/rest/v1/sales?select=%2A "HTTP/2 200 OK"
2026-05-29 17:40:03,871 - INFO - HTTP Request: GET https://cwgauehigbgiowmvgwcx.supabase.co/rest/v1/products?select=product_id%2Ccost_price%2Cproduct_name "HTTP/2 200 OK"
2026-05-29 17:40:03,875 - INFO - Merging data and calculating metrics...
2026-05-29 17:40:03,891 - INFO - Pipeline completed successfully! File saved at: data/urbanstyle_final_data.csv
2026-05-29 17:40:29,528 - INFO - Connection to Supabase established.
2026-05-29 17:40:29,528 - INFO - Fetching data from tables...
2026-05-29 17:40:29,975 - INFO - HTTP Request: GET https://cwgauehigbgiowmvgwcx.supabase.co/rest/v1/sales?select=%2A "HTTP/2 200 OK"
2026-05-29 17:40:30,114 - INFO - HTTP Request: GET https://cwgauehigbgiowmvgwcx.supabase.co/rest/v1/products?select=product_id%2Ccost_price%2Cproduct_name "HTTP/2 200 OK"
2026-05-29 17:40:30,118 - INFO - Merging data and calculating metrics...
2026-05-29 17:40:30,134 - INFO - Pipeline completed successfully! File saved at: data/urbanstyle_final_data.csv
2026-05-29 17:41:53,389 - INFO - Connection to Supabase established.
2026-05-29 17:41:53,389 - INFO - Fetching data from tables...
2026-05-29 17:41:53,954 - INFO - HTTP Request: GET https://cwgauehigbgiowmvgwcx.supabase.co/rest/v1/sales?select=%2A "HTTP/2 200 OK"
2026-05-29 17:41:54,079 - INFO - HTTP Request: GET https://cwgauehigbgiowmvgwcx.supabase.co/rest/v1/products?select=product_id%2Ccost_price%2Cproduct_name "HTTP/2 200 OK"
2026-05-29 17:41:54,083 - INFO - Merging data and calculating metrics...
2026-05-29 17:41:54,102 - INFO - Pipeline completed successfully! File saved at: data/urbanstyle_final_data.csv
2026-05-29 17:43:15,711 - INFO - Connection to Supabase established.
2026-05-29 17:43:15,711 - INFO - Fetching data from tables...
2026-05-29 17:43:16,254 - INFO - HTTP Request: GET https://cwgauehigbgiowmvgwcx.supabase.co/rest/v1/sales?select=%2A "HTTP/2 200 OK"
2026-05-29 17:43:16,410 - INFO - HTTP Request: GET https://cwgauehigbgiowmvgwcx.supabase.co/rest/v1/products?select=product_id%2Ccost_price%2Cproduct_name "HTTP/2 200 OK"
2026-05-29 17:43:16,415 - INFO - Merging data and calculating metrics...
2026-05-29 17:43:16,436 - INFO - Pipeline completed successfully! File saved at: data/urbanstyle_final_data.csv
2026-05-29 17:51:24,398 - INFO - Connection to Supabase established.
2026-05-29 17:51:24,399 - INFO - Fetching data from tables...
2026-05-29 17:51:25,488 - INFO - HTTP Request: GET https://cwgauehigbgiowmvgwcx.supabase.co/rest/v1/sales?select=%2A "HTTP/2 200 OK"
2026-05-29 17:51:25,657 - INFO - HTTP Request: GET https://cwgauehigbgiowmvgwcx.supabase.co/rest/v1/products?select=product_id%2Ccost_price%2Cproduct_name%2Ccategory "HTTP/2 200 OK"
2026-05-29 17:51:25,662 - INFO - Merging data and calculating metrics...
2026-05-29 17:51:25,680 - INFO - Pipeline completed successfully! File saved at: data/urbanstyle_final_data.csv
2026-05-29 19:22:16,610 - INFO - Connection to Supabase established.
2026-05-29 19:22:16,611 - INFO - Fetching all data from tables...
2026-05-29 19:22:19,007 - INFO - HTTP Request: GET https://cwgauehigbgiowmvgwcx.supabase.co/rest/v1/sales?select=%2A&offset=0&limit=1000 "HTTP/2 200 OK"
2026-05-29 19:22:19,544 - INFO - HTTP Request: GET https://cwgauehigbgiowmvgwcx.supabase.co/rest/v1/sales?select=%2A&offset=1000&limit=1000 "HTTP/2 200 OK"
2026-05-29 19:22:19,788 - INFO - HTTP Request: GET https://cwgauehigbgiowmvgwcx.supabase.co/rest/v1/sales?select=%2A&offset=2000&limit=1000 "HTTP/2 200 OK"
2026-05-29 19:22:20,137 - INFO - HTTP Request: GET https://cwgauehigbgiowmvgwcx.supabase.co/rest/v1/sales?select=%2A&offset=3000&limit=1000 "HTTP/2 200 OK"
2026-05-29 19:22:20,343 - INFO - HTTP Request: GET https://cwgauehigbgiowmvgwcx.supabase.co/rest/v1/sales?select=%2A&offset=4000&limit=1000 "HTTP/2 200 OK"
2026-05-29 19:22:20,591 - INFO - HTTP Request: GET https://cwgauehigbgiowmvgwcx.supabase.co/rest/v1/sales?select=%2A&offset=5000&limit=1000 "HTTP/2 200 OK"
2026-05-29 19:22:20,998 - INFO - HTTP Request: GET https://cwgauehigbgiowmvgwcx.supabase.co/rest/v1/sales?select=%2A&offset=6000&limit=1000 "HTTP/2 200 OK"
2026-05-29 19:22:21,140 - INFO - HTTP Request: GET https://cwgauehigbgiowmvgwcx.supabase.co/rest/v1/sales?select=%2A&offset=7000&limit=1000 "HTTP/2 200 OK"
2026-05-29 19:22:21,271 - INFO - HTTP Request: GET https://cwgauehigbgiowmvgwcx.supabase.co/rest/v1/sales?select=%2A&offset=8000&limit=1000 "HTTP/2 200 OK"
2026-05-29 19:22:21,395 - INFO - HTTP Request: GET https://cwgauehigbgiowmvgwcx.supabase.co/rest/v1/sales?select=%2A&offset=9000&limit=1000 "HTTP/2 200 OK"
2026-05-29 19:22:21,507 - INFO - HTTP Request: GET https://cwgauehigbgiowmvgwcx.supabase.co/rest/v1/sales?select=%2A&offset=10000&limit=1000 "HTTP/2 200 OK"
2026-05-29 19:22:21,903 - INFO - HTTP Request: GET https://cwgauehigbgiowmvgwcx.supabase.co/rest/v1/products?select=product_id%2Ccost_price%2Cproduct_name%2Ccategory&offset=0&limit=1000 "HTTP/2 200 OK"
2026-05-29 19:22:21,908 - INFO - Merging data and calculating metrics...
2026-05-29 19:22:22,028 - INFO - Pipeline completed successfully! File saved at: data/urbanstyle_final_data.csv
